Info,  T15144: Logging asses
Info,  T15144: Load ./OutputFiles/prefab_monster\p0010_monster.fbx
Debug, T15144: Assimp 3.3.0 x86 msvc shared singlethreaded
Info,  T15144: Found a matching importer for this file format: Autodesk FBX Importer.
Info,  T15144: Import root directory is './OutputFiles/prefab_monster\'
Warn,  T15144: FBX: no animation curves assigned to AnimationCurveNode: AnimCurveNode::S
Skipping one or more lines with the same contents
Warn,  T15144: FBX: ignoring dummy material layer (all entries -1)
Error, T15144: FBX: material index out of bounds, setting default material
Info,  T15144: Entering post processing pipeline
Debug, T15144: FlipUVsProcess begin
Debug, T15144: FlipUVsProcess finished
Debug, T15144: RemoveRedundantMatsProcess begin
Debug, T15144: RemoveRedundantMatsProcess finished 
Debug, T15144: FindDegeneratesProcess begin
Debug, T15144: FindDegeneratesProcess finished
Debug, T15144: GenUVCoordsProcess begin
Debug, T15144: GenUVCoordsProcess finished
Debug, T15144: TransformUVCoordsProcess begin
Debug, T15144: TransformUVCoordsProcess finished
Debug, T15144: TriangulateProcess begin
Debug, T15144: TriangulateProcess finished. There was nothing to be done.
Debug, T15144: SortByPTypeProcess begin
Info,  T15144: Points: 0, Lines: 0, Triangles: 2, Polygons: 0 (Meshes, X = removed)
Debug, T15144: SortByPTypeProcess finished
Debug, T15144: FindInvalidDataProcess begin
Error, T15144: FindInvalidDataProcess fails on mesh tangents: All vectors are identical
Error, T15144: FindInvalidDataProcess fails on mesh normals: Found zero-length vector
Error, T15144: FindInvalidDataProcess fails on mesh tangents: All vectors are identical
Warn,  T15144: Simplified dummy tracks with just one key
Skipping one or more lines with the same contents
Info,  T15144: FindInvalidDataProcess finished. Found issues ...
Debug, T15144: SplitLargeMeshesProcess_Triangle begin
Debug, T15144: SplitLargeMeshesProcess_Triangle finished. There was nothing to do
Debug, T15144: Generate spatially-sorted vertex cache
Debug, T15144: GenVertexNormalsProcess begin
Info,  T15144: GenVertexNormalsProcess finished. Vertex normals have been calculated
Debug, T15144: CalcTangentsProcess begin
Info,  T15144: CalcTangentsProcess finished. Tangents have been calculated
Debug, T15144: JoinVerticesProcess begin
Debug, T15144: Mesh 0 (g0010_monster) | Verts in: 5256 out: 1885 | ~64.1362%
Debug, T15144: Mesh 1 (shadow01_plan01) | Verts in: 6 out: 4 | ~33.3333%
Info,  T15144: JoinVerticesProcess finished | Verts in: 5262 out: 1889 | ~64.1%
Debug, T15144: SplitLargeMeshesProcess_Vertex begin
Debug, T15144: SplitLargeMeshesProcess_Vertex finished. There was nothing to do
Debug, T15144: LimitBoneWeightsProcess begin
Debug, T15144: LimitBoneWeightsProcess end
Debug, T15144: ImproveCacheLocalityProcess begin
Debug, T15144: Mesh 0 | ACMR in: 1.236301 out: 1.182648 | ~4.3%
Info,  T15144: Cache relevant are 1 meshes (1752 faces). Average output ACMR is 1.182648
Debug, T15144: ImproveCacheLocalityProcess finished. 
Info,  T15144: Leaving post processing pipeline
