Info,  T1712: Logging asses
Info,  T1712: Load output/m1.fbx
Debug, T1712: Assimp 3.3.0 x86 msvc shared singlethreaded
Info,  T1712: Found a matching importer for this file format: Autodesk FBX Importer.
Info,  T1712: Import root directory is 'output\'
Warn,  T1712: FBX: no animation curves assigned to AnimationCurveNode: AnimCurveNode::S
Skipping one or more lines with the same contents
Warn,  T1712: FBX: no animation curves assigned to AnimationCurveNode: AnimCurveNode::T
Warn,  T1712: FBX: no animation curves assigned to AnimationCurveNode: AnimCurveNode::S
Skipping one or more lines with the same contents
Warn,  T1712: FBX: ignoring dummy material layer (all entries -1)
Error, T1712: FBX: material index out of bounds, setting default material
Info,  T1712: Entering post processing pipeline
Debug, T1712: FlipUVsProcess begin
Debug, T1712: FlipUVsProcess finished
Debug, T1712: RemoveRedundantMatsProcess begin
Debug, T1712: RemoveRedundantMatsProcess finished 
Debug, T1712: FindDegeneratesProcess begin
Debug, T1712: FindDegeneratesProcess finished
Debug, T1712: GenUVCoordsProcess begin
Debug, T1712: GenUVCoordsProcess finished
Debug, T1712: TransformUVCoordsProcess begin
Debug, T1712: TransformUVCoordsProcess finished
Debug, T1712: TriangulateProcess begin
Debug, T1712: TriangulateProcess finished. There was nothing to be done.
Debug, T1712: SortByPTypeProcess begin
Info,  T1712: Points: 0, Lines: 0, Triangles: 2, Polygons: 0 (Meshes, X = removed)
Debug, T1712: SortByPTypeProcess finished
Debug, T1712: FindInvalidDataProcess begin
Error, T1712: FindInvalidDataProcess fails on mesh tangents: All vectors are identical
Error, T1712: FindInvalidDataProcess fails on mesh normals: Found zero-length vector
Error, T1712: FindInvalidDataProcess fails on mesh tangents: All vectors are identical
Warn,  T1712: Simplified dummy tracks with just one key
Skipping one or more lines with the same contents
Info,  T1712: FindInvalidDataProcess finished. Found issues ...
Debug, T1712: SplitLargeMeshesProcess_Triangle begin
Debug, T1712: SplitLargeMeshesProcess_Triangle finished. There was nothing to do
Debug, T1712: Generate spatially-sorted vertex cache
Debug, T1712: GenVertexNormalsProcess begin
Info,  T1712: GenVertexNormalsProcess finished. Vertex normals have been calculated
Debug, T1712: CalcTangentsProcess begin
Info,  T1712: CalcTangentsProcess finished. Tangents have been calculated
Debug, T1712: JoinVerticesProcess begin
Debug, T1712: Mesh 0 (g0001_monster) | Verts in: 3600 out: 1173 | ~67.4167%
Debug, T1712: Mesh 1 (shadow01_plan01) | Verts in: 6 out: 4 | ~33.3333%
Info,  T1712: JoinVerticesProcess finished | Verts in: 3606 out: 1177 | ~67.4%
Debug, T1712: SplitLargeMeshesProcess_Vertex begin
Debug, T1712: SplitLargeMeshesProcess_Vertex finished. There was nothing to do
Debug, T1712: LimitBoneWeightsProcess begin
Debug, T1712: LimitBoneWeightsProcess end
Debug, T1712: ImproveCacheLocalityProcess begin
Debug, T1712: Mesh 0 | ACMR in: 1.192500 out: 1.105833 | ~7.3%
Info,  T1712: Cache relevant are 1 meshes (1200 faces). Average output ACMR is 1.105833
Debug, T1712: ImproveCacheLocalityProcess finished. 
Info,  T1712: Leaving post processing pipeline
